Active-HDL 11.1.262.7351 2020-06-05 20:49:43

Elaboration top modules:
Architecture                  behaviour(ticket_automata)


------------------------------------------------------------------------------------------------------------
Entity           | Architecture       | Library      | Info | Compiler Version        | Compilation Options
------------------------------------------------------------------------------------------------------------
ticket_automata  | behaviour          | tickets_auto |      | 11.1.262.7351 (Windows) | -O3
distanta         | distanta_introdusa | tickets_auto |      | 11.1.262.7351 (Windows) | -O3
PRET_BILET       | BEHAVIOUR          | tickets_auto |      | 11.1.262.7351 (Windows) | -O3
ATM3             | BEHAVIOUR          | tickets_auto |      | 11.1.262.7351 (Windows) | -O3
suma_introd      | suma               | tickets_auto |      | 11.1.262.7351 (Windows) | -O3
verificare       | verif              | tickets_auto |      | 11.1.262.7351 (Windows) | -O3
eliberare_rest   | rest               | tickets_auto |      | 11.1.262.7351 (Windows) | -O3
numarator_bilete | counter            | tickets_auto |      | 11.1.262.7351 (Windows) | -O3
RETURN_SUM       | BEHAVIOUR          | tickets_auto |      | 11.1.262.7351 (Windows) | -O3
SEVEN_SEGMENT    | LED                | tickets_auto |      | 11.1.262.7351 (Windows) | -O3
COMPARATOR       | comp               | tickets_auto |      | 11.1.262.7351 (Windows) | -O3
------------------------------------------------------------------------------------------------------------

------------------------------------------------------------------------------------------------------------
VHDL Package                          | Library      | Info | Compiler Version        | Compilation Options
------------------------------------------------------------------------------------------------------------
standard                              | std          |      |                         | <unavailable>
TEXTIO                                | std          |      |                         | <unavailable>
std_logic_1164                        | ieee         |      |                         | <unavailable>
std_logic_arith                       | ieee         |      |                         | <unavailable>
STD_LOGIC_UNSIGNED                    | ieee         |      |                         | <unavailable>
NUMERIC_STD                           | ieee         |      |                         | <unavailable>
------------------------------------------------------------------------------------------------------------

------------------------------------------------------------------------------------------------------------
Library                               | Comment
------------------------------------------------------------------------------------------------------------
ieee                                  | Standard IEEE packages library
std                                   | Standard VHDL library
tickets_auto                          | None
------------------------------------------------------------------------------------------------------------
