
                 *********************************************
                 *                                           *
                 *             A I M - S p i c e             *
                 *                                           *
                 *         Professional Version 2019.100           *
                 *                                           *
                 *********************************************

	Date: Tue Jan  7 17:34:44 2020
	Circuit File: C:\Users\Gellert\Documents\An2-sem1\DAC\Filter rectifier.cir
	Analysis: Transient

**************************  Circuit Description  **************************

     1:  Filter rectifier
     2:  
     3:  RL 4 0 100
     4:  C1 4 0 3m
     5:  D1 1 4 Diode
     6:  D2 0 1 Diode
     7:  D3 0 3 Diode
     8:  D4 3 4 Diode
     9:  
    10:  .model Diode d tt = 1e-9
    11:  
    12:  Vin 1 3 sin(0 5 1k 0 0)
    13:  .tran 1e-9 6e-3

***************************  Model Parameters  ****************************


***************  Device Parameters (Only for .op analysis)  ***************



**************************  Analysis Parameters  **************************

	Stepsize ............ : 1e-9
	Final time .......... : 6e-3
	Use Initial Conditions: Off



**************  Options (Only those different from default)  **************



*************************  Simulation Statistics  *************************

	Total number of iterations.....................: 773
	Number of iterations for transient analysis....: 766
	Total number of timepoints.....................: 206
	Number of timepoints accepted..................: 151
	Number of timepoints rejected..................: 55
	Total analysis time (sec)......................: 0.013
	Transient analysis time (sec)..................: 0.012
	Time spent in device loading (sec).............: 0.003
	Time spent in L-U decomposition (sec)..........: 0
	Time spent in matrix reordering (sec)..........: 0
	Time spent in matrix solving (sec).............: 0
	Time spent in transient L-U decomposition (sec): 0
	Time spent in transient matrix solving (sec)...: 0

***************************  Kernel Messages  *****************************

Circuit: Filter rectifier

Warning: vin: no DC value, transient time 0 value used
Warning: vin: no DC value, transient time 0 value used

