
                 *********************************************
                 *                                           *
                 *             A I M - S p i c e             *
                 *                                           *
                 *         Professional Version 2019.100           *
                 *                                           *
                 *********************************************

	Date: Tue Jan  7 16:43:43 2020
	Circuit File: C:\Users\Gellert\Documents\An2-sem1\DAC\Half-wave rectifier.cir
	Analysis: Transient

**************************  Circuit Description  **************************

     1:  Half-wave rectifier
     2:  
     3:  D1 1 2 Diode
     4:  RL 2 0 10k
     5:  
     6:  .model Diode d tt = 1e-9
     7:  
     8:  Vin 1 0 sin ( 0 5 1k 0 0 )
     9:  .tran 1e-9 6e-3

***************************  Model Parameters  ****************************


***************  Device Parameters (Only for .op analysis)  ***************



**************************  Analysis Parameters  **************************

	Stepsize ............ : 1e-9
	Final time .......... : 6e-3
	Use Initial Conditions: Off



**************  Options (Only those different from default)  **************



*************************  Simulation Statistics  *************************

	Total number of iterations.....................: 407
	Number of iterations for transient analysis....: 396
	Total number of timepoints.....................: 120
	Number of timepoints accepted..................: 100
	Number of timepoints rejected..................: 20
	Total analysis time (sec)......................: 0.006
	Transient analysis time (sec)..................: 0.005
	Time spent in device loading (sec).............: 0
	Time spent in L-U decomposition (sec)..........: 0
	Time spent in matrix reordering (sec)..........: 0
	Time spent in matrix solving (sec).............: 0
	Time spent in transient L-U decomposition (sec): 0
	Time spent in transient matrix solving (sec)...: 0

***************************  Kernel Messages  *****************************

Circuit: Half-wave rectifier

Warning: vin: no DC value, transient time 0 value used
Warning: vin: no DC value, transient time 0 value used

