
                 *********************************************
                 *                                           *
                 *             A I M - S p i c e             *
                 *                                           *
                 *         Professional Version 2019.100           *
                 *                                           *
                 *********************************************

	Date: Tue Jan  7 21:33:19 2020
	Circuit File: C:\Users\Gellert\Documents\An2-sem1\DAC\invertor.cir
	Analysis: Transient

**************************  Circuit Description  **************************

     1:  Invertor
     2:  RC EC OUT 1K
     3:  R1 IN B 1K
     4:  Q1 OUT B 0 Tranz
     5:  .MODEL Tranz NPN TR = 5e-9 TF = 8e-9
     6:  Vin IN 0 DC 0 PULSE (0 5 0 1e-9 1e-9 1e-7 2e-7)
     7:  Vec EC 0 DC 5
     8:  
     9:  Cout OUT 0 1p
    10:  .tran 1e-9 6e-7

***************************  Model Parameters  ****************************


***************  Device Parameters (Only for .op analysis)  ***************



**************************  Analysis Parameters  **************************

	Stepsize ............ : 1e-9
	Final time .......... : 6e-7
	Use Initial Conditions: Off



**************  Options (Only those different from default)  **************



*************************  Simulation Statistics  *************************

	Total number of iterations.....................: 804
	Number of iterations for transient analysis....: 799
	Total number of timepoints.....................: 206
	Number of timepoints accepted..................: 174
	Number of timepoints rejected..................: 32
	Total analysis time (sec)......................: 0.015
	Transient analysis time (sec)..................: 0.011
	Time spent in device loading (sec).............: 0
	Time spent in L-U decomposition (sec)..........: 0
	Time spent in matrix reordering (sec)..........: 0
	Time spent in matrix solving (sec).............: 0
	Time spent in transient L-U decomposition (sec): 0
	Time spent in transient matrix solving (sec)...: 0

***************************  Kernel Messages  *****************************

Circuit: Invertor


