
                 *********************************************
                 *                                           *
                 *             A I M - S p i c e             *
                 *                                           *
                 *         Professional Version 2019.100           *
                 *                                           *
                 *********************************************

	Date: Tue Jan  7 21:29:54 2020
	Circuit File: C:\Users\Gellert\Documents\An2-sem1\DAC\Inverter with bipolar transistor.cir
	Analysis: Transient

**************************  Circuit Description  **************************

     1:  Inverter with bipolar transistor
     2:  
     3:  R1 IN 1 1k
     4:  C1 IN 1 15p
     5:  RB 1 EB 7k
     6:  RC EC OUT 1k
     7:  Q1 OUT 1 0 transistor
     8:  
     9:  .model transistor NPN tr=5e-9 tf=8e-9
    10:  VEB EB 0 DC -1
    11:  VEC EC 0 DC 5
    12:  
    13:  !Vin IN 0 sin(0 5 1k 0 0)
    14:  Vin IN 0 DC 0 PULSE (0 5 0 1e-9 1e-9 1e-7 2e-7)
    15:  .tran 1e-9 6e-3

***************************  Model Parameters  ****************************


***************  Device Parameters (Only for .op analysis)  ***************



**************************  Analysis Parameters  **************************

	Stepsize ............ : 1e-9
	Final time .......... : 6e-3
	Use Initial Conditions: Off



**************  Options (Only those different from default)  **************



*************************  Simulation Statistics  *************************

	Total number of iterations.....................: 6019269
	Number of iterations for transient analysis....: 6019264
	Total number of timepoints.....................: 1194143
	Number of timepoints accepted..................: 839152
	Number of timepoints rejected..................: 354991
	Total analysis time (sec)......................: 71.135
	Transient analysis time (sec)..................: 71.134
	Time spent in device loading (sec).............: 12.444
	Time spent in L-U decomposition (sec)..........: 1.081
	Time spent in matrix reordering (sec)..........: 0
	Time spent in matrix solving (sec).............: 0.959
	Time spent in transient L-U decomposition (sec): 1.081
	Time spent in transient matrix solving (sec)...: 0.959

***************************  Kernel Messages  *****************************

Circuit: Inverter with bipolar transistor


