
                 *********************************************
                 *                                           *
                 *             A I M - S p i c e             *
                 *                                           *
                 *         Professional Version 2019.100           *
                 *                                           *
                 *********************************************

	Date: Thu Jan  9 10:48:53 2020
	Circuit File: C:\Users\Gellert\Documents\An2-sem1\DAC\NMOS static invertor.cir
	Analysis: Transient

**************************  Circuit Description  **************************

     1:  NMOS static invertor
     2:  
     3:  M2 DD GG OUT OUT NMOS1 l=10u w=1u
     4:  M1 OUT IN 0 0 NMOS2 l=1u w=10u
     5:  
     6:  .Model NMOS1 nmos vto=2.5
     7:  .Model NMOS2 nmos vto=1.5
     8:  
     9:  Vin IN 0 PULSE(0 5 0 1e-10 1e-10 1e-9 2e-9)
    10:  Vgg GG 0 DC 7.5
    11:  Vdd DD 0 DC 5
    12:  .tran 1e-10 5e-9

***************************  Model Parameters  ****************************


***************  Device Parameters (Only for .op analysis)  ***************



**************************  Analysis Parameters  **************************

	Stepsize ............ : 1e-10
	Final time .......... : 5e-9
	Use Initial Conditions: Off



**************  Options (Only those different from default)  **************



*************************  Simulation Statistics  *************************

	Total number of iterations.....................: 278
	Number of iterations for transient analysis....: 267
	Total number of timepoints.....................: 90
	Number of timepoints accepted..................: 89
	Number of timepoints rejected..................: 1
	Total analysis time (sec)......................: 0.006
	Transient analysis time (sec)..................: 0.005
	Time spent in device loading (sec).............: 0.003
	Time spent in L-U decomposition (sec)..........: 0
	Time spent in matrix reordering (sec)..........: 0
	Time spent in matrix solving (sec).............: 0
	Time spent in transient L-U decomposition (sec): 0
	Time spent in transient matrix solving (sec)...: 0

***************************  Kernel Messages  *****************************

Circuit: NMOS static invertor

Warning: vin: no DC value, transient time 0 value used
Warning: vin: no DC value, transient time 0 value used

