
                 *********************************************
                 *                                           *
                 *             A I M - S p i c e             *
                 *                                           *
                 *         Professional Version 2019.100           *
                 *                                           *
                 *********************************************

	Date: Tue Jan  7 19:24:17 2020
	Circuit File: C:\Users\Gellert\Documents\An2-sem1\DAC\Parametric regulator with Zener diode.cir
	Analysis: DC Transfer Curves

**************************  Circuit Description  **************************

     1:  Parametric regulator with Zener diode
     2:  
     3:  RL 4 0 100
     4:  C1 4 0 3m
     5:  D5 0 4 DiodeZ
     6:  D1 1 4 Diode
     7:  D2 0 1 Diode
     8:  D3 0 3 Diode
     9:  D4 3 4 Diode
    10:  
    11:  .model Diode d tt = 1e-9
    12:  .model DiodeZ d bv = 6.8
    13:  
    14:  !Vin 1 3 sin(0 5 1k 0 0)
    15:  Vin 1 3 5
    16:  .dc Vin 0 5 0.1

***************************  Model Parameters  ****************************


***************  Device Parameters (Only for .op analysis)  ***************



**************************  Analysis Parameters  **************************

	Source name #1 .. : Vin
	Start value #1 .. : 0
	End value #1 .... : 5
	Increment value #1: 0.1



**************  Options (Only those different from default)  **************



*************************  Simulation Statistics  *************************

	Total number of iterations...........: 116
	Total analysis time (sec)............: 0.005
	Time spent in device loading (sec)...: 0
	Time spent in L-U decomposition (sec): 0
	Time spent in matrix reordering (sec): 0
	Time spent in matrix solving (sec)...: 0

***************************  Kernel Messages  *****************************

Circuit: Parametric regulator with Zener diode


