
                 *********************************************
                 *                                           *
                 *             A I M - S p i c e             *
                 *                                           *
                 *             Student Version 5.9          *
                 *                                           *
                 *********************************************

	Date: Fri Oct 18 10:54:04 2019
	Circuit File: E:\An II sem I\ADC\rectifiers-full+c.cir
	Analysis: Transient

**************************  Circuit Description  **************************

     1:  Rectifiers full
     2:  d1 1 2 myDiode
     3:  .model myDiode d tt= 1e-9
     4:  d2 3 2 myDiode
     5:  d3 0 3 myDiode
     6:  d4 0 1 myDiode
     7:  rl 2 0 100k
     8:  c1 2 0 0.1m
     9:  vin 1 3 sin ( 0 5 1k 0 0 )
    10:  .tran 1e-9 6e-3 0 0.00001

***************************  Model Parameters  ****************************


***************  Device Parameters (Only for .op analysis)  ***************



**************************  Analysis Parameters  **************************

	Stepsize ............ : 1e-9
	Final time .......... : 6e-3
	Display start time .. : 0
	Maximum step size ... : 0.00001
	Use Initial Conditions: Off



**************  Options (Only those different from default)  **************



*************************  Simulation Statistics  *************************

	Total number of iterations.....................: 2270
	Number of iterations for transient analysis....: 2256
	Total number of timepoints.....................: 774
	Number of timepoints accepted..................: 712
	Number of timepoints rejected..................: 62
	Total analysis time (sec)......................: 0.281
	Transient analysis time (sec)..................: 0.273
	Time spent in device loading (sec).............: 0.006
	Time spent in L-U decomposition (sec)..........: 0
	Time spent in matrix reordering (sec)..........: 0
	Time spent in matrix solving (sec).............: 0
	Time spent in transient L-U decomposition (sec): 0
	Time spent in transient matrix solving (sec)...: 0

***************************  Kernel Messages  *****************************

Circuit: Rectifiers full

Warning: vin: no DC value, transient time 0 value used
Warning: vin: no DC value, transient time 0 value used

