
                 *********************************************
                 *                                           *
                 *             A I M - S p i c e             *
                 *                                           *
                 *         Professional Version 2019.100           *
                 *                                           *
                 *********************************************

	Date: Fri Oct 25 10:30:55 2019
	Circuit File: C:\Users\Gellert\Documents\An2-sem1\DAC\zenner.cir
	Analysis: Transient

**************************  Circuit Description  **************************

     1:  Parametric regulator with Zenner diode
     2:  RL 2 0 100
     3:  C1 2 0 1M
     4:  D1 1 2 DiodeS
     5:  D2 3 2 DiodeS
     6:  D3 0 3 DiodeS
     7:  D4 0 1 DiodeS
     8:  Dz 0 2 DiodeZ
     9:  .MODEL DiodeS D TT = 1e-9
    10:  .MODEL DiodeZ D BV = 6.8
    11:  Vin 1 3 sin(0 10 50 0 0)
    12:  .tran 1e-9 6e-2

***************************  Model Parameters  ****************************


***************  Device Parameters (Only for .op analysis)  ***************



**************************  Analysis Parameters  **************************

	Stepsize ............ : 1e-9
	Final time .......... : 6e-2
	Use Initial Conditions: Off



**************  Options (Only those different from default)  **************



*************************  Simulation Statistics  *************************

	Total number of iterations.....................: 1293
	Number of iterations for transient analysis....: 1283
	Total number of timepoints.....................: 344
	Number of timepoints accepted..................: 268
	Number of timepoints rejected..................: 76
	Total analysis time (sec)......................: 0.01
	Transient analysis time (sec)..................: 0.009
	Time spent in device loading (sec).............: 0.003
	Time spent in L-U decomposition (sec)..........: 0
	Time spent in matrix reordering (sec)..........: 0
	Time spent in matrix solving (sec).............: 0
	Time spent in transient L-U decomposition (sec): 0
	Time spent in transient matrix solving (sec)...: 0

***************************  Kernel Messages  *****************************

Circuit: Parametric regulator with Zenner diode

Warning: vin: no DC value, transient time 0 value used
Warning: vin: no DC value, transient time 0 value used

